19/08/28 11:27:35 INFO SparkContext: Running Spark version 2.2.0
19/08/28 11:27:36 WARN NativeCodeLoader: Unable to load native-hadoop library for your platform... using builtin-java classes where applicable
19/08/28 11:27:36 INFO SparkContext: Submitted application: sparklyr
19/08/28 11:27:36 INFO SecurityManager: Changing view acls to: tim
19/08/28 11:27:36 INFO SecurityManager: Changing modify acls to: tim
19/08/28 11:27:36 INFO SecurityManager: Changing view acls groups to: 
19/08/28 11:27:36 INFO SecurityManager: Changing modify acls groups to: 
19/08/28 11:27:36 INFO SecurityManager: SecurityManager: authentication disabled; ui acls disabled; users  with view permissions: Set(tim); groups with view permissions: Set(); users  with modify permissions: Set(tim); groups with modify permissions: Set()
19/08/28 11:27:36 INFO Utils: Successfully started service 'sparkDriver' on port 49283.
19/08/28 11:27:36 INFO SparkEnv: Registering MapOutputTracker
19/08/28 11:27:36 INFO SparkEnv: Registering BlockManagerMaster
19/08/28 11:27:36 INFO BlockManagerMasterEndpoint: Using org.apache.spark.storage.DefaultTopologyMapper for getting topology information
19/08/28 11:27:36 INFO BlockManagerMasterEndpoint: BlockManagerMasterEndpoint up
19/08/28 11:27:36 INFO DiskBlockManager: Created local directory at /private/var/folders/ts/0y14_w012ll9_8yb_63ns76h0000gn/T/blockmgr-6b736a3b-4fde-41d4-a48f-4f5e06e48a91
19/08/28 11:27:36 INFO MemoryStore: MemoryStore started with capacity 912.3 MB
19/08/28 11:27:36 INFO SparkEnv: Registering OutputCommitCoordinator
19/08/28 11:27:37 INFO Utils: Successfully started service 'SparkUI' on port 4040.
19/08/28 11:27:37 INFO SparkUI: Bound SparkUI to 127.0.0.1, and started at http://127.0.0.1:4040
19/08/28 11:27:37 INFO SparkContext: Added JAR file:/Library/Frameworks/R.framework/Versions/3.5/Resources/library/sparklyr/java/sparklyr-2.0-2.11.jar at spark://127.0.0.1:49283/jars/sparklyr-2.0-2.11.jar with timestamp 1566984457319
19/08/28 11:27:37 INFO Executor: Starting executor ID driver on host localhost
19/08/28 11:27:37 INFO Utils: Successfully started service 'org.apache.spark.network.netty.NettyBlockTransferService' on port 49285.
19/08/28 11:27:37 INFO NettyBlockTransferService: Server created on 127.0.0.1:49285
19/08/28 11:27:37 INFO BlockManager: Using org.apache.spark.storage.RandomBlockReplicationPolicy for block replication policy
19/08/28 11:27:37 INFO BlockManagerMaster: Registering BlockManager BlockManagerId(driver, 127.0.0.1, 49285, None)
19/08/28 11:27:37 INFO BlockManagerMasterEndpoint: Registering block manager 127.0.0.1:49285 with 912.3 MB RAM, BlockManagerId(driver, 127.0.0.1, 49285, None)
19/08/28 11:27:37 INFO BlockManagerMaster: Registered BlockManager BlockManagerId(driver, 127.0.0.1, 49285, None)
19/08/28 11:27:37 INFO BlockManager: Initialized BlockManager: BlockManagerId(driver, 127.0.0.1, 49285, None)
19/08/28 11:27:37 INFO SharedState: loading hive config file: file:/Users/tim/spark/spark-2.2.0-bin-hadoop2.7/conf/hive-site.xml
19/08/28 11:27:37 INFO SharedState: Setting hive.metastore.warehouse.dir ('null') to the value of spark.sql.warehouse.dir ('file:/Users/tim/Documents/missSBM/spark-warehouse').
19/08/28 11:27:37 INFO SharedState: Warehouse path is 'file:/Users/tim/Documents/missSBM/spark-warehouse'.
19/08/28 11:27:38 INFO HiveUtils: Initializing HiveMetastoreConnection version 1.2.1 using Spark classes.
19/08/28 11:27:39 INFO HiveMetaStore: 0: Opening raw store with implemenation class:org.apache.hadoop.hive.metastore.ObjectStore
19/08/28 11:27:39 INFO ObjectStore: ObjectStore, initialize called
19/08/28 11:27:39 INFO Persistence: Property hive.metastore.integral.jdo.pushdown unknown - will be ignored
19/08/28 11:27:39 INFO Persistence: Property datanucleus.cache.level2 unknown - will be ignored
19/08/28 11:27:41 INFO ObjectStore: Setting MetaStore object pin classes with hive.metastore.cache.pinobjtypes="Table,StorageDescriptor,SerDeInfo,Partition,Database,Type,FieldSchema,Order"
19/08/28 11:27:43 INFO Datastore: The class "org.apache.hadoop.hive.metastore.model.MFieldSchema" is tagged as "embedded-only" so does not have its own datastore table.
19/08/28 11:27:43 INFO Datastore: The class "org.apache.hadoop.hive.metastore.model.MOrder" is tagged as "embedded-only" so does not have its own datastore table.
19/08/28 11:27:43 INFO Datastore: The class "org.apache.hadoop.hive.metastore.model.MFieldSchema" is tagged as "embedded-only" so does not have its own datastore table.
19/08/28 11:27:43 INFO Datastore: The class "org.apache.hadoop.hive.metastore.model.MOrder" is tagged as "embedded-only" so does not have its own datastore table.
19/08/28 11:27:44 INFO MetaStoreDirectSql: Using direct SQL, underlying DB is DERBY
19/08/28 11:27:44 INFO ObjectStore: Initialized ObjectStore
19/08/28 11:27:44 WARN ObjectStore: Version information not found in metastore. hive.metastore.schema.verification is not enabled so recording the schema version 1.2.0
19/08/28 11:27:44 WARN ObjectStore: Failed to get database default, returning NoSuchObjectException
19/08/28 11:27:44 INFO HiveMetaStore: Added admin role in metastore
19/08/28 11:27:44 INFO HiveMetaStore: Added public role in metastore
19/08/28 11:27:44 INFO HiveMetaStore: No user is added in admin role, since config is empty
19/08/28 11:27:44 INFO HiveMetaStore: 0: get_all_databases
19/08/28 11:27:44 INFO audit: ugi=tim	ip=unknown-ip-addr	cmd=get_all_databases	
19/08/28 11:27:44 INFO HiveMetaStore: 0: get_functions: db=default pat=*
19/08/28 11:27:44 INFO audit: ugi=tim	ip=unknown-ip-addr	cmd=get_functions: db=default pat=*	
19/08/28 11:27:44 INFO Datastore: The class "org.apache.hadoop.hive.metastore.model.MResourceUri" is tagged as "embedded-only" so does not have its own datastore table.
19/08/28 11:27:44 INFO SessionState: Created HDFS directory: /tmp/hive/tim
19/08/28 11:27:44 INFO SessionState: Created local directory: /var/folders/ts/0y14_w012ll9_8yb_63ns76h0000gn/T/tim
19/08/28 11:27:44 INFO SessionState: Created local directory: /var/folders/ts/0y14_w012ll9_8yb_63ns76h0000gn/T/5f1d7feb-fb1d-4b34-b1e6-584a316380f6_resources
19/08/28 11:27:44 INFO SessionState: Created HDFS directory: /tmp/hive/tim/5f1d7feb-fb1d-4b34-b1e6-584a316380f6
19/08/28 11:27:44 INFO SessionState: Created local directory: /var/folders/ts/0y14_w012ll9_8yb_63ns76h0000gn/T/tim/5f1d7feb-fb1d-4b34-b1e6-584a316380f6
19/08/28 11:27:44 INFO SessionState: Created HDFS directory: /tmp/hive/tim/5f1d7feb-fb1d-4b34-b1e6-584a316380f6/_tmp_space.db
19/08/28 11:27:44 INFO HiveClientImpl: Warehouse location for Hive client (version 1.2.1) is file:/Users/tim/Documents/missSBM/spark-warehouse
19/08/28 11:27:44 INFO HiveMetaStore: 0: get_database: default
19/08/28 11:27:44 INFO audit: ugi=tim	ip=unknown-ip-addr	cmd=get_database: default	
19/08/28 11:27:44 INFO HiveMetaStore: 0: get_database: global_temp
19/08/28 11:27:44 INFO audit: ugi=tim	ip=unknown-ip-addr	cmd=get_database: global_temp	
19/08/28 11:27:44 WARN ObjectStore: Failed to get database global_temp, returning NoSuchObjectException
19/08/28 11:27:45 INFO SessionState: Created local directory: /var/folders/ts/0y14_w012ll9_8yb_63ns76h0000gn/T/81018737-f385-4f6a-8773-4e1f8136c65f_resources
19/08/28 11:27:45 INFO SessionState: Created HDFS directory: /tmp/hive/tim/81018737-f385-4f6a-8773-4e1f8136c65f
19/08/28 11:27:45 INFO SessionState: Created local directory: /var/folders/ts/0y14_w012ll9_8yb_63ns76h0000gn/T/tim/81018737-f385-4f6a-8773-4e1f8136c65f
19/08/28 11:27:45 INFO SessionState: Created HDFS directory: /tmp/hive/tim/81018737-f385-4f6a-8773-4e1f8136c65f/_tmp_space.db
19/08/28 11:27:45 INFO HiveClientImpl: Warehouse location for Hive client (version 1.2.1) is file:/Users/tim/Documents/missSBM/spark-warehouse
19/08/28 11:27:45 INFO StateStoreCoordinatorRef: Registered StateStoreCoordinator endpoint
19/08/28 11:27:45 INFO SparkSqlParser: Parsing command: SHOW TABLES
19/08/28 11:27:47 INFO HiveMetaStore: 0: get_database: default
19/08/28 11:27:47 INFO audit: ugi=tim	ip=unknown-ip-addr	cmd=get_database: default	
19/08/28 11:27:47 INFO HiveMetaStore: 0: get_database: default
19/08/28 11:27:47 INFO audit: ugi=tim	ip=unknown-ip-addr	cmd=get_database: default	
19/08/28 11:27:47 INFO HiveMetaStore: 0: get_tables: db=default pat=*
19/08/28 11:27:47 INFO audit: ugi=tim	ip=unknown-ip-addr	cmd=get_tables: db=default pat=*	
19/08/28 11:27:47 INFO SparkSqlParser: Parsing command: SHOW TABLES
19/08/28 11:27:47 INFO HiveMetaStore: 0: get_database: default
19/08/28 11:27:47 INFO audit: ugi=tim	ip=unknown-ip-addr	cmd=get_database: default	
19/08/28 11:27:47 INFO HiveMetaStore: 0: get_database: default
19/08/28 11:27:47 INFO audit: ugi=tim	ip=unknown-ip-addr	cmd=get_database: default	
19/08/28 11:27:47 INFO HiveMetaStore: 0: get_tables: db=default pat=*
19/08/28 11:27:47 INFO audit: ugi=tim	ip=unknown-ip-addr	cmd=get_tables: db=default pat=*	
19/08/28 11:36:01 INFO SparkSqlParser: Parsing command: SHOW TABLES
19/08/28 11:36:01 INFO HiveMetaStore: 0: get_database: default
19/08/28 11:36:01 INFO audit: ugi=tim	ip=unknown-ip-addr	cmd=get_database: default	
19/08/28 11:36:01 INFO HiveMetaStore: 0: get_database: default
19/08/28 11:36:01 INFO audit: ugi=tim	ip=unknown-ip-addr	cmd=get_database: default	
19/08/28 11:36:01 INFO HiveMetaStore: 0: get_tables: db=default pat=*
19/08/28 11:36:01 INFO audit: ugi=tim	ip=unknown-ip-addr	cmd=get_tables: db=default pat=*	
19/08/28 11:36:01 INFO SparkContext: Starting job: collect at utils.scala:44
19/08/28 11:36:01 INFO DAGScheduler: Got job 0 (collect at utils.scala:44) with 1 output partitions
19/08/28 11:36:01 INFO DAGScheduler: Final stage: ResultStage 0 (collect at utils.scala:44)
19/08/28 11:36:01 INFO DAGScheduler: Parents of final stage: List()
19/08/28 11:36:01 INFO DAGScheduler: Missing parents: List()
19/08/28 11:36:01 INFO DAGScheduler: Submitting ResultStage 0 (MapPartitionsRDD[4] at map at utils.scala:41), which has no missing parents
19/08/28 11:36:02 INFO MemoryStore: Block broadcast_0 stored as values in memory (estimated size 6.0 KB, free 912.3 MB)
19/08/28 11:36:02 INFO MemoryStore: Block broadcast_0_piece0 stored as bytes in memory (estimated size 3.4 KB, free 912.3 MB)
19/08/28 11:36:02 INFO BlockManagerInfo: Added broadcast_0_piece0 in memory on 127.0.0.1:49285 (size: 3.4 KB, free: 912.3 MB)
19/08/28 11:36:02 INFO SparkContext: Created broadcast 0 from broadcast at DAGScheduler.scala:1006
19/08/28 11:36:02 INFO DAGScheduler: Submitting 1 missing tasks from ResultStage 0 (MapPartitionsRDD[4] at map at utils.scala:41) (first 15 tasks are for partitions Vector(0))
19/08/28 11:36:02 INFO TaskSchedulerImpl: Adding task set 0.0 with 1 tasks
19/08/28 11:36:02 INFO TaskSetManager: Starting task 0.0 in stage 0.0 (TID 0, localhost, executor driver, partition 0, PROCESS_LOCAL, 4852 bytes)
19/08/28 11:36:02 INFO Executor: Running task 0.0 in stage 0.0 (TID 0)
19/08/28 11:36:02 INFO Executor: Fetching spark://127.0.0.1:49283/jars/sparklyr-2.0-2.11.jar with timestamp 1566984457319
19/08/28 11:36:02 INFO TransportClientFactory: Successfully created connection to /127.0.0.1:49283 after 25 ms (0 ms spent in bootstraps)
19/08/28 11:36:02 INFO Utils: Fetching spark://127.0.0.1:49283/jars/sparklyr-2.0-2.11.jar to /private/var/folders/ts/0y14_w012ll9_8yb_63ns76h0000gn/T/spark-bfa359df-63e1-4b6c-9ac3-c98f851e7194/userFiles-8cfb3d2a-9200-45c9-ae8b-fa128d087ba0/fetchFileTemp6386350878431420026.tmp
19/08/28 11:36:02 INFO Executor: Adding file:/private/var/folders/ts/0y14_w012ll9_8yb_63ns76h0000gn/T/spark-bfa359df-63e1-4b6c-9ac3-c98f851e7194/userFiles-8cfb3d2a-9200-45c9-ae8b-fa128d087ba0/sparklyr-2.0-2.11.jar to class loader
19/08/28 11:36:02 INFO CodeGenerator: Code generated in 296.535112 ms
19/08/28 11:36:02 INFO Executor: Finished task 0.0 in stage 0.0 (TID 0). 970 bytes result sent to driver
19/08/28 11:36:02 INFO TaskSetManager: Finished task 0.0 in stage 0.0 (TID 0) in 707 ms on localhost (executor driver) (1/1)
19/08/28 11:36:02 INFO TaskSchedulerImpl: Removed TaskSet 0.0, whose tasks have all completed, from pool 
19/08/28 11:36:02 INFO DAGScheduler: ResultStage 0 (collect at utils.scala:44) finished in 0,731 s
19/08/28 11:36:02 INFO DAGScheduler: Job 0 finished: collect at utils.scala:44, took 1,010264 s
19/08/28 11:36:02 INFO SparkSqlParser: Parsing command: iris
19/08/28 11:36:02 INFO SparkSqlParser: Parsing command: CACHE TABLE `iris`
19/08/28 11:36:03 INFO SparkSqlParser: Parsing command: `iris`
19/08/28 11:36:03 INFO CodeGenerator: Code generated in 17.755481 ms
19/08/28 11:36:03 INFO CodeGenerator: Code generated in 12.514021 ms
19/08/28 11:36:03 INFO SparkContext: Starting job: sql at NativeMethodAccessorImpl.java:0
19/08/28 11:36:03 INFO DAGScheduler: Registering RDD 12 (sql at NativeMethodAccessorImpl.java:0)
19/08/28 11:36:03 INFO DAGScheduler: Got job 1 (sql at NativeMethodAccessorImpl.java:0) with 1 output partitions
19/08/28 11:36:03 INFO DAGScheduler: Final stage: ResultStage 2 (sql at NativeMethodAccessorImpl.java:0)
19/08/28 11:36:03 INFO DAGScheduler: Parents of final stage: List(ShuffleMapStage 1)
19/08/28 11:36:03 INFO DAGScheduler: Missing parents: List(ShuffleMapStage 1)
19/08/28 11:36:03 INFO ContextCleaner: Cleaned accumulator 51
19/08/28 11:36:03 INFO ContextCleaner: Cleaned accumulator 0
19/08/28 11:36:03 INFO DAGScheduler: Submitting ShuffleMapStage 1 (MapPartitionsRDD[12] at sql at NativeMethodAccessorImpl.java:0), which has no missing parents
19/08/28 11:36:03 INFO BlockManagerInfo: Removed broadcast_0_piece0 on 127.0.0.1:49285 in memory (size: 3.4 KB, free: 912.3 MB)
19/08/28 11:36:03 INFO MemoryStore: Block broadcast_1 stored as values in memory (estimated size 18.3 KB, free 912.3 MB)
19/08/28 11:36:03 INFO MemoryStore: Block broadcast_1_piece0 stored as bytes in memory (estimated size 8.5 KB, free 912.3 MB)
19/08/28 11:36:03 INFO BlockManagerInfo: Added broadcast_1_piece0 in memory on 127.0.0.1:49285 (size: 8.5 KB, free: 912.3 MB)
19/08/28 11:36:03 INFO SparkContext: Created broadcast 1 from broadcast at DAGScheduler.scala:1006
19/08/28 11:36:03 INFO DAGScheduler: Submitting 1 missing tasks from ShuffleMapStage 1 (MapPartitionsRDD[12] at sql at NativeMethodAccessorImpl.java:0) (first 15 tasks are for partitions Vector(0))
19/08/28 11:36:03 INFO TaskSchedulerImpl: Adding task set 1.0 with 1 tasks
19/08/28 11:36:03 INFO TaskSetManager: Starting task 0.0 in stage 1.0 (TID 1, localhost, executor driver, partition 0, PROCESS_LOCAL, 8774 bytes)
19/08/28 11:36:03 INFO Executor: Running task 0.0 in stage 1.0 (TID 1)
19/08/28 11:36:03 INFO CodeGenerator: Code generated in 15.633808 ms
19/08/28 11:36:03 INFO CodeGenerator: Code generated in 54.873925 ms
19/08/28 11:36:03 INFO MemoryStore: Block rdd_9_0 stored as values in memory (estimated size 5.6 KB, free 912.3 MB)
19/08/28 11:36:03 INFO BlockManagerInfo: Added rdd_9_0 in memory on 127.0.0.1:49285 (size: 5.6 KB, free: 912.3 MB)
19/08/28 11:36:03 INFO CodeGenerator: Code generated in 5.823759 ms
19/08/28 11:36:03 INFO CodeGenerator: Code generated in 21.945746 ms
19/08/28 11:36:03 INFO Executor: Finished task 0.0 in stage 1.0 (TID 1). 2371 bytes result sent to driver
19/08/28 11:36:03 INFO TaskSetManager: Finished task 0.0 in stage 1.0 (TID 1) in 439 ms on localhost (executor driver) (1/1)
19/08/28 11:36:03 INFO TaskSchedulerImpl: Removed TaskSet 1.0, whose tasks have all completed, from pool 
19/08/28 11:36:03 INFO DAGScheduler: ShuffleMapStage 1 (sql at NativeMethodAccessorImpl.java:0) finished in 0,442 s
19/08/28 11:36:03 INFO DAGScheduler: looking for newly runnable stages
19/08/28 11:36:03 INFO DAGScheduler: running: Set()
19/08/28 11:36:03 INFO DAGScheduler: waiting: Set(ResultStage 2)
19/08/28 11:36:03 INFO DAGScheduler: failed: Set()
19/08/28 11:36:03 INFO DAGScheduler: Submitting ResultStage 2 (MapPartitionsRDD[15] at sql at NativeMethodAccessorImpl.java:0), which has no missing parents
19/08/28 11:36:03 INFO MemoryStore: Block broadcast_2 stored as values in memory (estimated size 7.0 KB, free 912.3 MB)
19/08/28 11:36:03 INFO MemoryStore: Block broadcast_2_piece0 stored as bytes in memory (estimated size 3.7 KB, free 912.3 MB)
19/08/28 11:36:03 INFO BlockManagerInfo: Added broadcast_2_piece0 in memory on 127.0.0.1:49285 (size: 3.7 KB, free: 912.3 MB)
19/08/28 11:36:03 INFO SparkContext: Created broadcast 2 from broadcast at DAGScheduler.scala:1006
19/08/28 11:36:03 INFO DAGScheduler: Submitting 1 missing tasks from ResultStage 2 (MapPartitionsRDD[15] at sql at NativeMethodAccessorImpl.java:0) (first 15 tasks are for partitions Vector(0))
19/08/28 11:36:03 INFO TaskSchedulerImpl: Adding task set 2.0 with 1 tasks
19/08/28 11:36:03 INFO TaskSetManager: Starting task 0.0 in stage 2.0 (TID 2, localhost, executor driver, partition 0, ANY, 4726 bytes)
19/08/28 11:36:03 INFO Executor: Running task 0.0 in stage 2.0 (TID 2)
19/08/28 11:36:03 INFO ShuffleBlockFetcherIterator: Getting 1 non-empty blocks out of 1 blocks
19/08/28 11:36:03 INFO ShuffleBlockFetcherIterator: Started 0 remote fetches in 5 ms
19/08/28 11:36:03 INFO Executor: Finished task 0.0 in stage 2.0 (TID 2). 1624 bytes result sent to driver
19/08/28 11:36:03 INFO TaskSetManager: Finished task 0.0 in stage 2.0 (TID 2) in 38 ms on localhost (executor driver) (1/1)
19/08/28 11:36:03 INFO TaskSchedulerImpl: Removed TaskSet 2.0, whose tasks have all completed, from pool 
19/08/28 11:36:03 INFO DAGScheduler: ResultStage 2 (sql at NativeMethodAccessorImpl.java:0) finished in 0,040 s
19/08/28 11:36:03 INFO DAGScheduler: Job 1 finished: sql at NativeMethodAccessorImpl.java:0, took 0,565456 s
19/08/28 11:36:03 INFO SparkSqlParser: Parsing command: SELECT count(*) FROM  `iris`
19/08/28 11:36:03 INFO HiveMetaStore: 0: get_database: default
19/08/28 11:36:03 INFO audit: ugi=tim	ip=unknown-ip-addr	cmd=get_database: default	
19/08/28 11:36:04 INFO SparkContext: Starting job: collect at utils.scala:204
19/08/28 11:36:04 INFO DAGScheduler: Registering RDD 18 (collect at utils.scala:204)
19/08/28 11:36:04 INFO DAGScheduler: Got job 2 (collect at utils.scala:204) with 1 output partitions
19/08/28 11:36:04 INFO DAGScheduler: Final stage: ResultStage 4 (collect at utils.scala:204)
19/08/28 11:36:04 INFO DAGScheduler: Parents of final stage: List(ShuffleMapStage 3)
19/08/28 11:36:04 INFO DAGScheduler: Missing parents: List(ShuffleMapStage 3)
19/08/28 11:36:04 INFO DAGScheduler: Submitting ShuffleMapStage 3 (MapPartitionsRDD[18] at collect at utils.scala:204), which has no missing parents
19/08/28 11:36:04 INFO MemoryStore: Block broadcast_3 stored as values in memory (estimated size 18.3 KB, free 912.2 MB)
19/08/28 11:36:04 INFO MemoryStore: Block broadcast_3_piece0 stored as bytes in memory (estimated size 8.4 KB, free 912.2 MB)
19/08/28 11:36:04 INFO BlockManagerInfo: Added broadcast_3_piece0 in memory on 127.0.0.1:49285 (size: 8.4 KB, free: 912.3 MB)
19/08/28 11:36:04 INFO SparkContext: Created broadcast 3 from broadcast at DAGScheduler.scala:1006
19/08/28 11:36:04 INFO DAGScheduler: Submitting 1 missing tasks from ShuffleMapStage 3 (MapPartitionsRDD[18] at collect at utils.scala:204) (first 15 tasks are for partitions Vector(0))
19/08/28 11:36:04 INFO TaskSchedulerImpl: Adding task set 3.0 with 1 tasks
19/08/28 11:36:04 INFO TaskSetManager: Starting task 0.0 in stage 3.0 (TID 3, localhost, executor driver, partition 0, PROCESS_LOCAL, 8774 bytes)
19/08/28 11:36:04 INFO Executor: Running task 0.0 in stage 3.0 (TID 3)
19/08/28 11:36:04 INFO BlockManager: Found block rdd_9_0 locally
19/08/28 11:36:04 INFO Executor: Finished task 0.0 in stage 3.0 (TID 3). 1690 bytes result sent to driver
19/08/28 11:36:04 INFO TaskSetManager: Finished task 0.0 in stage 3.0 (TID 3) in 14 ms on localhost (executor driver) (1/1)
19/08/28 11:36:04 INFO TaskSchedulerImpl: Removed TaskSet 3.0, whose tasks have all completed, from pool 
19/08/28 11:36:04 INFO DAGScheduler: ShuffleMapStage 3 (collect at utils.scala:204) finished in 0,016 s
19/08/28 11:36:04 INFO DAGScheduler: looking for newly runnable stages
19/08/28 11:36:04 INFO DAGScheduler: running: Set()
19/08/28 11:36:04 INFO DAGScheduler: waiting: Set(ResultStage 4)
19/08/28 11:36:04 INFO DAGScheduler: failed: Set()
19/08/28 11:36:04 INFO DAGScheduler: Submitting ResultStage 4 (MapPartitionsRDD[21] at collect at utils.scala:204), which has no missing parents
19/08/28 11:36:04 INFO MemoryStore: Block broadcast_4 stored as values in memory (estimated size 7.0 KB, free 912.2 MB)
19/08/28 11:36:04 INFO MemoryStore: Block broadcast_4_piece0 stored as bytes in memory (estimated size 3.7 KB, free 912.2 MB)
19/08/28 11:36:04 INFO BlockManagerInfo: Added broadcast_4_piece0 in memory on 127.0.0.1:49285 (size: 3.7 KB, free: 912.3 MB)
19/08/28 11:36:04 INFO SparkContext: Created broadcast 4 from broadcast at DAGScheduler.scala:1006
19/08/28 11:36:04 INFO DAGScheduler: Submitting 1 missing tasks from ResultStage 4 (MapPartitionsRDD[21] at collect at utils.scala:204) (first 15 tasks are for partitions Vector(0))
19/08/28 11:36:04 INFO TaskSchedulerImpl: Adding task set 4.0 with 1 tasks
19/08/28 11:36:04 INFO TaskSetManager: Starting task 0.0 in stage 4.0 (TID 4, localhost, executor driver, partition 0, ANY, 4726 bytes)
19/08/28 11:36:04 INFO Executor: Running task 0.0 in stage 4.0 (TID 4)
19/08/28 11:36:04 INFO ShuffleBlockFetcherIterator: Getting 1 non-empty blocks out of 1 blocks
19/08/28 11:36:04 INFO ShuffleBlockFetcherIterator: Started 0 remote fetches in 0 ms
19/08/28 11:36:04 INFO Executor: Finished task 0.0 in stage 4.0 (TID 4). 1581 bytes result sent to driver
19/08/28 11:36:04 INFO TaskSetManager: Finished task 0.0 in stage 4.0 (TID 4) in 6 ms on localhost (executor driver) (1/1)
19/08/28 11:36:04 INFO TaskSchedulerImpl: Removed TaskSet 4.0, whose tasks have all completed, from pool 
19/08/28 11:36:04 INFO DAGScheduler: ResultStage 4 (collect at utils.scala:204) finished in 0,008 s
19/08/28 11:36:04 INFO DAGScheduler: Job 2 finished: collect at utils.scala:204, took 0,048205 s
19/08/28 11:36:04 INFO CodeGenerator: Code generated in 8.036887 ms
19/08/28 11:36:04 INFO SparkSqlParser: Parsing command: SELECT *
FROM `iris` AS `zzz1`
WHERE (0 = 1)
19/08/28 11:36:05 INFO SparkSqlParser: Parsing command: SHOW TABLES
19/08/28 11:36:05 INFO HiveMetaStore: 0: get_database: default
19/08/28 11:36:05 INFO audit: ugi=tim	ip=unknown-ip-addr	cmd=get_database: default	
19/08/28 11:36:05 INFO HiveMetaStore: 0: get_database: default
19/08/28 11:36:05 INFO audit: ugi=tim	ip=unknown-ip-addr	cmd=get_database: default	
19/08/28 11:36:05 INFO HiveMetaStore: 0: get_tables: db=default pat=*
19/08/28 11:36:05 INFO audit: ugi=tim	ip=unknown-ip-addr	cmd=get_tables: db=default pat=*	
19/08/28 11:36:05 INFO CodeGenerator: Code generated in 8.735173 ms
19/08/28 11:36:05 INFO SparkContext: Starting job: collect at utils.scala:44
19/08/28 11:36:05 INFO DAGScheduler: Got job 3 (collect at utils.scala:44) with 1 output partitions
19/08/28 11:36:05 INFO DAGScheduler: Final stage: ResultStage 5 (collect at utils.scala:44)
19/08/28 11:36:05 INFO DAGScheduler: Parents of final stage: List()
19/08/28 11:36:05 INFO DAGScheduler: Missing parents: List()
19/08/28 11:36:05 INFO DAGScheduler: Submitting ResultStage 5 (MapPartitionsRDD[26] at map at utils.scala:41), which has no missing parents
19/08/28 11:36:05 INFO MemoryStore: Block broadcast_5 stored as values in memory (estimated size 6.3 KB, free 912.2 MB)
19/08/28 11:36:05 INFO MemoryStore: Block broadcast_5_piece0 stored as bytes in memory (estimated size 3.5 KB, free 912.2 MB)
19/08/28 11:36:05 INFO BlockManagerInfo: Added broadcast_5_piece0 in memory on 127.0.0.1:49285 (size: 3.5 KB, free: 912.3 MB)
19/08/28 11:36:05 INFO SparkContext: Created broadcast 5 from broadcast at DAGScheduler.scala:1006
19/08/28 11:36:05 INFO DAGScheduler: Submitting 1 missing tasks from ResultStage 5 (MapPartitionsRDD[26] at map at utils.scala:41) (first 15 tasks are for partitions Vector(0))
19/08/28 11:36:05 INFO TaskSchedulerImpl: Adding task set 5.0 with 1 tasks
19/08/28 11:36:05 INFO TaskSetManager: Starting task 0.0 in stage 5.0 (TID 5, localhost, executor driver, partition 0, PROCESS_LOCAL, 5011 bytes)
19/08/28 11:36:05 INFO Executor: Running task 0.0 in stage 5.0 (TID 5)
19/08/28 11:36:05 INFO Executor: Finished task 0.0 in stage 5.0 (TID 5). 977 bytes result sent to driver
19/08/28 11:36:05 INFO TaskSetManager: Finished task 0.0 in stage 5.0 (TID 5) in 10 ms on localhost (executor driver) (1/1)
19/08/28 11:36:05 INFO TaskSchedulerImpl: Removed TaskSet 5.0, whose tasks have all completed, from pool 
19/08/28 11:36:05 INFO DAGScheduler: ResultStage 5 (collect at utils.scala:44) finished in 0,012 s
19/08/28 11:36:05 INFO DAGScheduler: Job 3 finished: collect at utils.scala:44, took 0,028992 s
19/08/28 11:36:10 INFO SparkSqlParser: Parsing command: flights
19/08/28 11:36:10 INFO SparkSqlParser: Parsing command: CACHE TABLE `flights`
19/08/28 11:36:10 INFO SparkSqlParser: Parsing command: `flights`
19/08/28 11:36:10 INFO SparkContext: Starting job: sql at NativeMethodAccessorImpl.java:0
19/08/28 11:36:10 INFO DAGScheduler: Registering RDD 34 (sql at NativeMethodAccessorImpl.java:0)
19/08/28 11:36:10 INFO DAGScheduler: Got job 4 (sql at NativeMethodAccessorImpl.java:0) with 1 output partitions
19/08/28 11:36:10 INFO DAGScheduler: Final stage: ResultStage 7 (sql at NativeMethodAccessorImpl.java:0)
19/08/28 11:36:10 INFO DAGScheduler: Parents of final stage: List(ShuffleMapStage 6)
19/08/28 11:36:10 INFO DAGScheduler: Missing parents: List(ShuffleMapStage 6)
19/08/28 11:36:10 INFO DAGScheduler: Submitting ShuffleMapStage 6 (MapPartitionsRDD[34] at sql at NativeMethodAccessorImpl.java:0), which has no missing parents
19/08/28 11:36:10 INFO MemoryStore: Block broadcast_6 stored as values in memory (estimated size 30.7 KB, free 912.2 MB)
19/08/28 11:36:10 INFO MemoryStore: Block broadcast_6_piece0 stored as bytes in memory (estimated size 11.7 KB, free 912.2 MB)
19/08/28 11:36:10 INFO BlockManagerInfo: Added broadcast_6_piece0 in memory on 127.0.0.1:49285 (size: 11.7 KB, free: 912.3 MB)
19/08/28 11:36:10 INFO SparkContext: Created broadcast 6 from broadcast at DAGScheduler.scala:1006
19/08/28 11:36:10 INFO DAGScheduler: Submitting 1 missing tasks from ShuffleMapStage 6 (MapPartitionsRDD[34] at sql at NativeMethodAccessorImpl.java:0) (first 15 tasks are for partitions Vector(0))
19/08/28 11:36:10 INFO TaskSchedulerImpl: Adding task set 6.0 with 1 tasks
19/08/28 11:36:10 INFO ContextCleaner: Cleaned accumulator 113
19/08/28 11:36:10 INFO BlockManagerInfo: Removed broadcast_5_piece0 on 127.0.0.1:49285 in memory (size: 3.5 KB, free: 912.3 MB)
19/08/28 11:36:10 INFO ContextCleaner: Cleaned accumulator 118
19/08/28 11:36:10 INFO ContextCleaner: Cleaned accumulator 116
19/08/28 11:36:10 INFO ContextCleaner: Cleaned accumulator 112
19/08/28 11:36:10 INFO ContextCleaner: Cleaned accumulator 120
19/08/28 11:36:10 INFO BlockManagerInfo: Removed broadcast_3_piece0 on 127.0.0.1:49285 in memory (size: 8.4 KB, free: 912.3 MB)
19/08/28 11:36:10 INFO ContextCleaner: Cleaned accumulator 119
19/08/28 11:36:10 INFO ContextCleaner: Cleaned accumulator 123
19/08/28 11:36:10 INFO ContextCleaner: Cleaned accumulator 115
19/08/28 11:36:10 INFO ContextCleaner: Cleaned accumulator 114
19/08/28 11:36:10 INFO ContextCleaner: Cleaned accumulator 121
19/08/28 11:36:10 INFO ContextCleaner: Cleaned accumulator 173
19/08/28 11:36:10 INFO BlockManagerInfo: Removed broadcast_2_piece0 on 127.0.0.1:49285 in memory (size: 3.7 KB, free: 912.3 MB)
19/08/28 11:36:10 INFO ContextCleaner: Cleaned accumulator 117
19/08/28 11:36:10 INFO ContextCleaner: Cleaned accumulator 124
19/08/28 11:36:10 INFO ContextCleaner: Cleaned shuffle 1
19/08/28 11:36:10 INFO ContextCleaner: Cleaned accumulator 200
19/08/28 11:36:10 INFO ContextCleaner: Cleaned accumulator 122
19/08/28 11:36:10 INFO BlockManagerInfo: Removed broadcast_4_piece0 on 127.0.0.1:49285 in memory (size: 3.7 KB, free: 912.3 MB)
19/08/28 11:36:10 WARN TaskSetManager: Stage 6 contains a task of very large size (27699 KB). The maximum recommended task size is 100 KB.
19/08/28 11:36:10 INFO TaskSetManager: Starting task 0.0 in stage 6.0 (TID 6, localhost, executor driver, partition 0, PROCESS_LOCAL, 28364176 bytes)
19/08/28 11:36:10 INFO Executor: Running task 0.0 in stage 6.0 (TID 6)
19/08/28 11:36:11 INFO ContextCleaner: Cleaned accumulator 53
19/08/28 11:36:11 INFO ContextCleaner: Cleaned accumulator 63
19/08/28 11:36:11 INFO ContextCleaner: Cleaned accumulator 61
19/08/28 11:36:11 INFO ContextCleaner: Cleaned accumulator 54
19/08/28 11:36:11 INFO ContextCleaner: Cleaned shuffle 0
19/08/28 11:36:11 INFO ContextCleaner: Cleaned accumulator 58
19/08/28 11:36:11 INFO ContextCleaner: Cleaned accumulator 55
19/08/28 11:36:11 INFO ContextCleaner: Cleaned accumulator 56
19/08/28 11:36:11 INFO ContextCleaner: Cleaned accumulator 57
19/08/28 11:36:11 INFO ContextCleaner: Cleaned accumulator 52
19/08/28 11:36:11 INFO ContextCleaner: Cleaned accumulator 60
19/08/28 11:36:11 INFO ContextCleaner: Cleaned accumulator 59
19/08/28 11:36:11 INFO CodeGenerator: Code generated in 539.583088 ms
19/08/28 11:36:11 INFO BlockManagerInfo: Removed broadcast_1_piece0 on 127.0.0.1:49285 in memory (size: 8.5 KB, free: 912.3 MB)
19/08/28 11:36:11 INFO ContextCleaner: Cleaned accumulator 62
19/08/28 11:36:11 INFO CodeGenerator: Code generated in 130.867219 ms
19/08/28 11:36:15 INFO MemoryStore: Block rdd_31_0 stored as values in memory (estimated size 22.5 MB, free 889.8 MB)
19/08/28 11:36:15 INFO BlockManagerInfo: Added rdd_31_0 in memory on 127.0.0.1:49285 (size: 22.5 MB, free: 889.8 MB)
19/08/28 11:36:15 INFO Executor: Finished task 0.0 in stage 6.0 (TID 6). 2328 bytes result sent to driver
19/08/28 11:36:15 INFO TaskSetManager: Finished task 0.0 in stage 6.0 (TID 6) in 4878 ms on localhost (executor driver) (1/1)
19/08/28 11:36:15 INFO TaskSchedulerImpl: Removed TaskSet 6.0, whose tasks have all completed, from pool 
19/08/28 11:36:15 INFO DAGScheduler: ShuffleMapStage 6 (sql at NativeMethodAccessorImpl.java:0) finished in 4,879 s
19/08/28 11:36:15 INFO DAGScheduler: looking for newly runnable stages
19/08/28 11:36:15 INFO DAGScheduler: running: Set()
19/08/28 11:36:15 INFO DAGScheduler: waiting: Set(ResultStage 7)
19/08/28 11:36:15 INFO DAGScheduler: failed: Set()
19/08/28 11:36:15 INFO DAGScheduler: Submitting ResultStage 7 (MapPartitionsRDD[37] at sql at NativeMethodAccessorImpl.java:0), which has no missing parents
19/08/28 11:36:15 INFO MemoryStore: Block broadcast_7 stored as values in memory (estimated size 7.0 KB, free 889.7 MB)
19/08/28 11:36:15 INFO MemoryStore: Block broadcast_7_piece0 stored as bytes in memory (estimated size 3.7 KB, free 889.7 MB)
19/08/28 11:36:15 INFO BlockManagerInfo: Added broadcast_7_piece0 in memory on 127.0.0.1:49285 (size: 3.7 KB, free: 889.8 MB)
19/08/28 11:36:15 INFO SparkContext: Created broadcast 7 from broadcast at DAGScheduler.scala:1006
19/08/28 11:36:15 INFO DAGScheduler: Submitting 1 missing tasks from ResultStage 7 (MapPartitionsRDD[37] at sql at NativeMethodAccessorImpl.java:0) (first 15 tasks are for partitions Vector(0))
19/08/28 11:36:15 INFO TaskSchedulerImpl: Adding task set 7.0 with 1 tasks
19/08/28 11:36:15 INFO TaskSetManager: Starting task 0.0 in stage 7.0 (TID 7, localhost, executor driver, partition 0, ANY, 4726 bytes)
19/08/28 11:36:15 INFO Executor: Running task 0.0 in stage 7.0 (TID 7)
19/08/28 11:36:15 INFO ShuffleBlockFetcherIterator: Getting 1 non-empty blocks out of 1 blocks
19/08/28 11:36:15 INFO ShuffleBlockFetcherIterator: Started 0 remote fetches in 0 ms
19/08/28 11:36:15 INFO Executor: Finished task 0.0 in stage 7.0 (TID 7). 1581 bytes result sent to driver
19/08/28 11:36:15 INFO TaskSetManager: Finished task 0.0 in stage 7.0 (TID 7) in 9 ms on localhost (executor driver) (1/1)
19/08/28 11:36:15 INFO TaskSchedulerImpl: Removed TaskSet 7.0, whose tasks have all completed, from pool 
19/08/28 11:36:15 INFO DAGScheduler: ResultStage 7 (sql at NativeMethodAccessorImpl.java:0) finished in 0,010 s
19/08/28 11:36:15 INFO DAGScheduler: Job 4 finished: sql at NativeMethodAccessorImpl.java:0, took 4,918033 s
19/08/28 11:36:15 INFO SparkSqlParser: Parsing command: SELECT count(*) FROM  `flights`
19/08/28 11:36:15 INFO HiveMetaStore: 0: get_database: default
19/08/28 11:36:15 INFO audit: ugi=tim	ip=unknown-ip-addr	cmd=get_database: default	
19/08/28 11:36:15 INFO SparkContext: Starting job: collect at utils.scala:204
19/08/28 11:36:15 INFO DAGScheduler: Registering RDD 40 (collect at utils.scala:204)
19/08/28 11:36:15 INFO DAGScheduler: Got job 5 (collect at utils.scala:204) with 1 output partitions
19/08/28 11:36:15 INFO DAGScheduler: Final stage: ResultStage 9 (collect at utils.scala:204)
19/08/28 11:36:15 INFO DAGScheduler: Parents of final stage: List(ShuffleMapStage 8)
19/08/28 11:36:15 INFO DAGScheduler: Missing parents: List(ShuffleMapStage 8)
19/08/28 11:36:15 INFO DAGScheduler: Submitting ShuffleMapStage 8 (MapPartitionsRDD[40] at collect at utils.scala:204), which has no missing parents
19/08/28 11:36:15 INFO MemoryStore: Block broadcast_8 stored as values in memory (estimated size 30.7 KB, free 889.7 MB)
19/08/28 11:36:15 INFO MemoryStore: Block broadcast_8_piece0 stored as bytes in memory (estimated size 11.7 KB, free 889.7 MB)
19/08/28 11:36:15 INFO BlockManagerInfo: Added broadcast_8_piece0 in memory on 127.0.0.1:49285 (size: 11.7 KB, free: 889.8 MB)
19/08/28 11:36:15 INFO SparkContext: Created broadcast 8 from broadcast at DAGScheduler.scala:1006
19/08/28 11:36:15 INFO DAGScheduler: Submitting 1 missing tasks from ShuffleMapStage 8 (MapPartitionsRDD[40] at collect at utils.scala:204) (first 15 tasks are for partitions Vector(0))
19/08/28 11:36:15 INFO TaskSchedulerImpl: Adding task set 8.0 with 1 tasks
19/08/28 11:36:15 WARN TaskSetManager: Stage 8 contains a task of very large size (27699 KB). The maximum recommended task size is 100 KB.
19/08/28 11:36:15 INFO TaskSetManager: Starting task 0.0 in stage 8.0 (TID 8, localhost, executor driver, partition 0, PROCESS_LOCAL, 28364176 bytes)
19/08/28 11:36:15 INFO Executor: Running task 0.0 in stage 8.0 (TID 8)
19/08/28 11:36:16 INFO BlockManagerInfo: Removed broadcast_7_piece0 on 127.0.0.1:49285 in memory (size: 3.7 KB, free: 889.8 MB)
19/08/28 11:36:16 INFO ContextCleaner: Cleaned accumulator 261
19/08/28 11:36:16 INFO BlockManager: Found block rdd_31_0 locally
19/08/28 11:36:16 INFO Executor: Finished task 0.0 in stage 8.0 (TID 8). 1733 bytes result sent to driver
19/08/28 11:36:16 INFO TaskSetManager: Finished task 0.0 in stage 8.0 (TID 8) in 484 ms on localhost (executor driver) (1/1)
19/08/28 11:36:16 INFO TaskSchedulerImpl: Removed TaskSet 8.0, whose tasks have all completed, from pool 
19/08/28 11:36:16 INFO DAGScheduler: ShuffleMapStage 8 (collect at utils.scala:204) finished in 0,488 s
19/08/28 11:36:16 INFO DAGScheduler: looking for newly runnable stages
19/08/28 11:36:16 INFO DAGScheduler: running: Set()
19/08/28 11:36:16 INFO DAGScheduler: waiting: Set(ResultStage 9)
19/08/28 11:36:16 INFO DAGScheduler: failed: Set()
19/08/28 11:36:16 INFO DAGScheduler: Submitting ResultStage 9 (MapPartitionsRDD[43] at collect at utils.scala:204), which has no missing parents
19/08/28 11:36:16 INFO MemoryStore: Block broadcast_9 stored as values in memory (estimated size 7.0 KB, free 889.7 MB)
19/08/28 11:36:16 INFO MemoryStore: Block broadcast_9_piece0 stored as bytes in memory (estimated size 3.7 KB, free 889.7 MB)
19/08/28 11:36:16 INFO BlockManagerInfo: Added broadcast_9_piece0 in memory on 127.0.0.1:49285 (size: 3.7 KB, free: 889.8 MB)
19/08/28 11:36:16 INFO SparkContext: Created broadcast 9 from broadcast at DAGScheduler.scala:1006
19/08/28 11:36:16 INFO DAGScheduler: Submitting 1 missing tasks from ResultStage 9 (MapPartitionsRDD[43] at collect at utils.scala:204) (first 15 tasks are for partitions Vector(0))
19/08/28 11:36:16 INFO TaskSchedulerImpl: Adding task set 9.0 with 1 tasks
19/08/28 11:36:16 INFO TaskSetManager: Starting task 0.0 in stage 9.0 (TID 9, localhost, executor driver, partition 0, ANY, 4726 bytes)
19/08/28 11:36:16 INFO Executor: Running task 0.0 in stage 9.0 (TID 9)
19/08/28 11:36:16 INFO ShuffleBlockFetcherIterator: Getting 1 non-empty blocks out of 1 blocks
19/08/28 11:36:16 INFO ShuffleBlockFetcherIterator: Started 0 remote fetches in 0 ms
19/08/28 11:36:16 INFO Executor: Finished task 0.0 in stage 9.0 (TID 9). 1581 bytes result sent to driver
19/08/28 11:36:16 INFO TaskSetManager: Finished task 0.0 in stage 9.0 (TID 9) in 6 ms on localhost (executor driver) (1/1)
19/08/28 11:36:16 INFO TaskSchedulerImpl: Removed TaskSet 9.0, whose tasks have all completed, from pool 
19/08/28 11:36:16 INFO DAGScheduler: ResultStage 9 (collect at utils.scala:204) finished in 0,007 s
19/08/28 11:36:16 INFO DAGScheduler: Job 5 finished: collect at utils.scala:204, took 0,513807 s
19/08/28 11:36:16 INFO SparkSqlParser: Parsing command: SELECT *
FROM `flights` AS `zzz2`
WHERE (0 = 1)
19/08/28 11:36:16 INFO SparkSqlParser: Parsing command: SHOW TABLES
19/08/28 11:36:16 INFO HiveMetaStore: 0: get_database: default
19/08/28 11:36:16 INFO audit: ugi=tim	ip=unknown-ip-addr	cmd=get_database: default	
19/08/28 11:36:16 INFO HiveMetaStore: 0: get_database: default
19/08/28 11:36:16 INFO audit: ugi=tim	ip=unknown-ip-addr	cmd=get_database: default	
19/08/28 11:36:16 INFO HiveMetaStore: 0: get_tables: db=default pat=*
19/08/28 11:36:16 INFO audit: ugi=tim	ip=unknown-ip-addr	cmd=get_tables: db=default pat=*	
19/08/28 11:36:16 INFO SparkContext: Starting job: collect at utils.scala:44
19/08/28 11:36:16 INFO DAGScheduler: Got job 6 (collect at utils.scala:44) with 2 output partitions
19/08/28 11:36:16 INFO DAGScheduler: Final stage: ResultStage 10 (collect at utils.scala:44)
19/08/28 11:36:16 INFO DAGScheduler: Parents of final stage: List()
19/08/28 11:36:16 INFO DAGScheduler: Missing parents: List()
19/08/28 11:36:16 INFO DAGScheduler: Submitting ResultStage 10 (MapPartitionsRDD[48] at map at utils.scala:41), which has no missing parents
19/08/28 11:36:16 INFO MemoryStore: Block broadcast_10 stored as values in memory (estimated size 6.4 KB, free 889.7 MB)
19/08/28 11:36:16 INFO MemoryStore: Block broadcast_10_piece0 stored as bytes in memory (estimated size 3.5 KB, free 889.7 MB)
19/08/28 11:36:16 INFO BlockManagerInfo: Added broadcast_10_piece0 in memory on 127.0.0.1:49285 (size: 3.5 KB, free: 889.8 MB)
19/08/28 11:36:16 INFO SparkContext: Created broadcast 10 from broadcast at DAGScheduler.scala:1006
19/08/28 11:36:16 INFO DAGScheduler: Submitting 2 missing tasks from ResultStage 10 (MapPartitionsRDD[48] at map at utils.scala:41) (first 15 tasks are for partitions Vector(0, 1))
19/08/28 11:36:16 INFO TaskSchedulerImpl: Adding task set 10.0 with 2 tasks
19/08/28 11:36:16 INFO TaskSetManager: Starting task 0.0 in stage 10.0 (TID 10, localhost, executor driver, partition 0, PROCESS_LOCAL, 5011 bytes)
19/08/28 11:36:16 INFO TaskSetManager: Starting task 1.0 in stage 10.0 (TID 11, localhost, executor driver, partition 1, PROCESS_LOCAL, 5011 bytes)
19/08/28 11:36:16 INFO Executor: Running task 0.0 in stage 10.0 (TID 10)
19/08/28 11:36:16 INFO Executor: Running task 1.0 in stage 10.0 (TID 11)
19/08/28 11:36:16 INFO Executor: Finished task 1.0 in stage 10.0 (TID 11). 977 bytes result sent to driver
19/08/28 11:36:16 INFO TaskSetManager: Finished task 1.0 in stage 10.0 (TID 11) in 7 ms on localhost (executor driver) (1/2)
19/08/28 11:36:16 INFO Executor: Finished task 0.0 in stage 10.0 (TID 10). 980 bytes result sent to driver
19/08/28 11:36:16 INFO TaskSetManager: Finished task 0.0 in stage 10.0 (TID 10) in 11 ms on localhost (executor driver) (2/2)
19/08/28 11:36:16 INFO TaskSchedulerImpl: Removed TaskSet 10.0, whose tasks have all completed, from pool 
19/08/28 11:36:16 INFO DAGScheduler: ResultStage 10 (collect at utils.scala:44) finished in 0,011 s
19/08/28 11:36:16 INFO DAGScheduler: Job 6 finished: collect at utils.scala:44, took 0,019117 s
19/08/28 11:36:17 INFO SparkSqlParser: Parsing command: batting
19/08/28 11:36:17 INFO SparkSqlParser: Parsing command: CACHE TABLE `batting`
19/08/28 11:36:17 INFO SparkSqlParser: Parsing command: `batting`
19/08/28 11:36:17 INFO SparkContext: Starting job: sql at NativeMethodAccessorImpl.java:0
19/08/28 11:36:17 INFO DAGScheduler: Registering RDD 56 (sql at NativeMethodAccessorImpl.java:0)
19/08/28 11:36:17 INFO DAGScheduler: Got job 7 (sql at NativeMethodAccessorImpl.java:0) with 1 output partitions
19/08/28 11:36:17 INFO DAGScheduler: Final stage: ResultStage 12 (sql at NativeMethodAccessorImpl.java:0)
19/08/28 11:36:17 INFO DAGScheduler: Parents of final stage: List(ShuffleMapStage 11)
19/08/28 11:36:17 INFO DAGScheduler: Missing parents: List(ShuffleMapStage 11)
19/08/28 11:36:17 INFO DAGScheduler: Submitting ShuffleMapStage 11 (MapPartitionsRDD[56] at sql at NativeMethodAccessorImpl.java:0), which has no missing parents
19/08/28 11:36:17 INFO MemoryStore: Block broadcast_11 stored as values in memory (estimated size 31.9 KB, free 889.7 MB)
19/08/28 11:36:17 INFO MemoryStore: Block broadcast_11_piece0 stored as bytes in memory (estimated size 11.6 KB, free 889.6 MB)
19/08/28 11:36:17 INFO BlockManagerInfo: Added broadcast_11_piece0 in memory on 127.0.0.1:49285 (size: 11.6 KB, free: 889.8 MB)
19/08/28 11:36:17 INFO SparkContext: Created broadcast 11 from broadcast at DAGScheduler.scala:1006
19/08/28 11:36:17 INFO DAGScheduler: Submitting 1 missing tasks from ShuffleMapStage 11 (MapPartitionsRDD[56] at sql at NativeMethodAccessorImpl.java:0) (first 15 tasks are for partitions Vector(0))
19/08/28 11:36:17 INFO TaskSchedulerImpl: Adding task set 11.0 with 1 tasks
19/08/28 11:36:17 WARN TaskSetManager: Stage 11 contains a task of very large size (6842 KB). The maximum recommended task size is 100 KB.
19/08/28 11:36:17 INFO TaskSetManager: Starting task 0.0 in stage 11.0 (TID 12, localhost, executor driver, partition 0, PROCESS_LOCAL, 7006312 bytes)
19/08/28 11:36:17 INFO Executor: Running task 0.0 in stage 11.0 (TID 12)
19/08/28 11:36:17 INFO CodeGenerator: Code generated in 19.234496 ms
19/08/28 11:36:18 INFO CodeGenerator: Code generated in 113.965937 ms
19/08/28 11:36:18 INFO ContextCleaner: Cleaned accumulator 349
19/08/28 11:36:18 INFO BlockManagerInfo: Removed broadcast_10_piece0 on 127.0.0.1:49285 in memory (size: 3.5 KB, free: 889.8 MB)
19/08/28 11:36:18 INFO ContextCleaner: Cleaned accumulator 322
19/08/28 11:36:18 INFO BlockManagerInfo: Removed broadcast_9_piece0 on 127.0.0.1:49285 in memory (size: 3.7 KB, free: 889.8 MB)
19/08/28 11:36:19 INFO MemoryStore: Block rdd_53_0 stored as values in memory (estimated size 3.4 MB, free 886.3 MB)
19/08/28 11:36:19 INFO BlockManagerInfo: Added rdd_53_0 in memory on 127.0.0.1:49285 (size: 3.4 MB, free: 886.4 MB)
19/08/28 11:36:19 INFO Executor: Finished task 0.0 in stage 11.0 (TID 12). 2328 bytes result sent to driver
19/08/28 11:36:19 INFO TaskSetManager: Finished task 0.0 in stage 11.0 (TID 12) in 1801 ms on localhost (executor driver) (1/1)
19/08/28 11:36:19 INFO TaskSchedulerImpl: Removed TaskSet 11.0, whose tasks have all completed, from pool 
19/08/28 11:36:19 INFO DAGScheduler: ShuffleMapStage 11 (sql at NativeMethodAccessorImpl.java:0) finished in 1,803 s
19/08/28 11:36:19 INFO DAGScheduler: looking for newly runnable stages
19/08/28 11:36:19 INFO DAGScheduler: running: Set()
19/08/28 11:36:19 INFO DAGScheduler: waiting: Set(ResultStage 12)
19/08/28 11:36:19 INFO DAGScheduler: failed: Set()
19/08/28 11:36:19 INFO DAGScheduler: Submitting ResultStage 12 (MapPartitionsRDD[59] at sql at NativeMethodAccessorImpl.java:0), which has no missing parents
19/08/28 11:36:19 INFO MemoryStore: Block broadcast_12 stored as values in memory (estimated size 7.0 KB, free 886.3 MB)
19/08/28 11:36:19 INFO MemoryStore: Block broadcast_12_piece0 stored as bytes in memory (estimated size 3.7 KB, free 886.3 MB)
19/08/28 11:36:19 INFO BlockManagerInfo: Added broadcast_12_piece0 in memory on 127.0.0.1:49285 (size: 3.7 KB, free: 886.4 MB)
19/08/28 11:36:19 INFO SparkContext: Created broadcast 12 from broadcast at DAGScheduler.scala:1006
19/08/28 11:36:19 INFO DAGScheduler: Submitting 1 missing tasks from ResultStage 12 (MapPartitionsRDD[59] at sql at NativeMethodAccessorImpl.java:0) (first 15 tasks are for partitions Vector(0))
19/08/28 11:36:19 INFO TaskSchedulerImpl: Adding task set 12.0 with 1 tasks
19/08/28 11:36:19 INFO TaskSetManager: Starting task 0.0 in stage 12.0 (TID 13, localhost, executor driver, partition 0, ANY, 4726 bytes)
19/08/28 11:36:19 INFO Executor: Running task 0.0 in stage 12.0 (TID 13)
19/08/28 11:36:19 INFO ShuffleBlockFetcherIterator: Getting 1 non-empty blocks out of 1 blocks
19/08/28 11:36:19 INFO ShuffleBlockFetcherIterator: Started 0 remote fetches in 0 ms
19/08/28 11:36:19 INFO Executor: Finished task 0.0 in stage 12.0 (TID 13). 1581 bytes result sent to driver
19/08/28 11:36:19 INFO TaskSetManager: Finished task 0.0 in stage 12.0 (TID 13) in 6 ms on localhost (executor driver) (1/1)
19/08/28 11:36:19 INFO TaskSchedulerImpl: Removed TaskSet 12.0, whose tasks have all completed, from pool 
19/08/28 11:36:19 INFO DAGScheduler: ResultStage 12 (sql at NativeMethodAccessorImpl.java:0) finished in 0,007 s
19/08/28 11:36:19 INFO DAGScheduler: Job 7 finished: sql at NativeMethodAccessorImpl.java:0, took 1,835942 s
19/08/28 11:36:19 INFO SparkSqlParser: Parsing command: SELECT count(*) FROM  `batting`
19/08/28 11:36:19 INFO HiveMetaStore: 0: get_database: default
19/08/28 11:36:19 INFO audit: ugi=tim	ip=unknown-ip-addr	cmd=get_database: default	
19/08/28 11:36:19 INFO SparkContext: Starting job: collect at utils.scala:204
19/08/28 11:36:19 INFO DAGScheduler: Registering RDD 62 (collect at utils.scala:204)
19/08/28 11:36:19 INFO DAGScheduler: Got job 8 (collect at utils.scala:204) with 1 output partitions
19/08/28 11:36:19 INFO DAGScheduler: Final stage: ResultStage 14 (collect at utils.scala:204)
19/08/28 11:36:19 INFO DAGScheduler: Parents of final stage: List(ShuffleMapStage 13)
19/08/28 11:36:19 INFO DAGScheduler: Missing parents: List(ShuffleMapStage 13)
19/08/28 11:36:19 INFO DAGScheduler: Submitting ShuffleMapStage 13 (MapPartitionsRDD[62] at collect at utils.scala:204), which has no missing parents
19/08/28 11:36:19 INFO MemoryStore: Block broadcast_13 stored as values in memory (estimated size 31.9 KB, free 886.2 MB)
19/08/28 11:36:19 INFO MemoryStore: Block broadcast_13_piece0 stored as bytes in memory (estimated size 11.6 KB, free 886.2 MB)
19/08/28 11:36:19 INFO BlockManagerInfo: Added broadcast_13_piece0 in memory on 127.0.0.1:49285 (size: 11.6 KB, free: 886.4 MB)
19/08/28 11:36:19 INFO SparkContext: Created broadcast 13 from broadcast at DAGScheduler.scala:1006
19/08/28 11:36:19 INFO DAGScheduler: Submitting 1 missing tasks from ShuffleMapStage 13 (MapPartitionsRDD[62] at collect at utils.scala:204) (first 15 tasks are for partitions Vector(0))
19/08/28 11:36:19 INFO TaskSchedulerImpl: Adding task set 13.0 with 1 tasks
19/08/28 11:36:19 WARN TaskSetManager: Stage 13 contains a task of very large size (6842 KB). The maximum recommended task size is 100 KB.
19/08/28 11:36:19 INFO TaskSetManager: Starting task 0.0 in stage 13.0 (TID 14, localhost, executor driver, partition 0, PROCESS_LOCAL, 7006312 bytes)
19/08/28 11:36:19 INFO Executor: Running task 0.0 in stage 13.0 (TID 14)
19/08/28 11:36:19 INFO BlockManager: Found block rdd_53_0 locally
19/08/28 11:36:19 INFO Executor: Finished task 0.0 in stage 13.0 (TID 14). 1690 bytes result sent to driver
19/08/28 11:36:19 INFO TaskSetManager: Finished task 0.0 in stage 13.0 (TID 14) in 107 ms on localhost (executor driver) (1/1)
19/08/28 11:36:19 INFO TaskSchedulerImpl: Removed TaskSet 13.0, whose tasks have all completed, from pool 
19/08/28 11:36:19 INFO DAGScheduler: ShuffleMapStage 13 (collect at utils.scala:204) finished in 0,108 s
19/08/28 11:36:19 INFO DAGScheduler: looking for newly runnable stages
19/08/28 11:36:19 INFO DAGScheduler: running: Set()
19/08/28 11:36:19 INFO DAGScheduler: waiting: Set(ResultStage 14)
19/08/28 11:36:19 INFO DAGScheduler: failed: Set()
19/08/28 11:36:19 INFO DAGScheduler: Submitting ResultStage 14 (MapPartitionsRDD[65] at collect at utils.scala:204), which has no missing parents
19/08/28 11:36:19 INFO MemoryStore: Block broadcast_14 stored as values in memory (estimated size 7.0 KB, free 886.2 MB)
19/08/28 11:36:19 INFO MemoryStore: Block broadcast_14_piece0 stored as bytes in memory (estimated size 3.7 KB, free 886.2 MB)
19/08/28 11:36:19 INFO BlockManagerInfo: Added broadcast_14_piece0 in memory on 127.0.0.1:49285 (size: 3.7 KB, free: 886.3 MB)
19/08/28 11:36:19 INFO SparkContext: Created broadcast 14 from broadcast at DAGScheduler.scala:1006
19/08/28 11:36:19 INFO DAGScheduler: Submitting 1 missing tasks from ResultStage 14 (MapPartitionsRDD[65] at collect at utils.scala:204) (first 15 tasks are for partitions Vector(0))
19/08/28 11:36:19 INFO TaskSchedulerImpl: Adding task set 14.0 with 1 tasks
19/08/28 11:36:19 INFO TaskSetManager: Starting task 0.0 in stage 14.0 (TID 15, localhost, executor driver, partition 0, ANY, 4726 bytes)
19/08/28 11:36:19 INFO Executor: Running task 0.0 in stage 14.0 (TID 15)
19/08/28 11:36:19 INFO ShuffleBlockFetcherIterator: Getting 1 non-empty blocks out of 1 blocks
19/08/28 11:36:19 INFO ShuffleBlockFetcherIterator: Started 0 remote fetches in 0 ms
19/08/28 11:36:19 INFO Executor: Finished task 0.0 in stage 14.0 (TID 15). 1581 bytes result sent to driver
19/08/28 11:36:19 INFO TaskSetManager: Finished task 0.0 in stage 14.0 (TID 15) in 7 ms on localhost (executor driver) (1/1)
19/08/28 11:36:19 INFO TaskSchedulerImpl: Removed TaskSet 14.0, whose tasks have all completed, from pool 
19/08/28 11:36:19 INFO DAGScheduler: ResultStage 14 (collect at utils.scala:204) finished in 0,008 s
19/08/28 11:36:19 INFO DAGScheduler: Job 8 finished: collect at utils.scala:204, took 0,139395 s
19/08/28 11:36:19 INFO SparkSqlParser: Parsing command: SELECT *
FROM `batting` AS `zzz3`
WHERE (0 = 1)
19/08/28 11:36:19 INFO SparkSqlParser: Parsing command: SHOW TABLES
19/08/28 11:36:19 INFO HiveMetaStore: 0: get_database: default
19/08/28 11:36:19 INFO audit: ugi=tim	ip=unknown-ip-addr	cmd=get_database: default	
19/08/28 11:36:19 INFO HiveMetaStore: 0: get_database: default
19/08/28 11:36:19 INFO audit: ugi=tim	ip=unknown-ip-addr	cmd=get_database: default	
19/08/28 11:36:19 INFO HiveMetaStore: 0: get_tables: db=default pat=*
19/08/28 11:36:19 INFO audit: ugi=tim	ip=unknown-ip-addr	cmd=get_tables: db=default pat=*	
19/08/28 11:36:20 INFO SparkContext: Starting job: collect at utils.scala:44
19/08/28 11:36:20 INFO DAGScheduler: Got job 9 (collect at utils.scala:44) with 3 output partitions
19/08/28 11:36:20 INFO DAGScheduler: Final stage: ResultStage 15 (collect at utils.scala:44)
19/08/28 11:36:20 INFO DAGScheduler: Parents of final stage: List()
19/08/28 11:36:20 INFO DAGScheduler: Missing parents: List()
19/08/28 11:36:20 INFO DAGScheduler: Submitting ResultStage 15 (MapPartitionsRDD[70] at map at utils.scala:41), which has no missing parents
19/08/28 11:36:20 INFO MemoryStore: Block broadcast_15 stored as values in memory (estimated size 6.4 KB, free 886.2 MB)
19/08/28 11:36:20 INFO MemoryStore: Block broadcast_15_piece0 stored as bytes in memory (estimated size 3.5 KB, free 886.2 MB)
19/08/28 11:36:20 INFO BlockManagerInfo: Added broadcast_15_piece0 in memory on 127.0.0.1:49285 (size: 3.5 KB, free: 886.3 MB)
19/08/28 11:36:20 INFO SparkContext: Created broadcast 15 from broadcast at DAGScheduler.scala:1006
19/08/28 11:36:20 INFO DAGScheduler: Submitting 3 missing tasks from ResultStage 15 (MapPartitionsRDD[70] at map at utils.scala:41) (first 15 tasks are for partitions Vector(0, 1, 2))
19/08/28 11:36:20 INFO TaskSchedulerImpl: Adding task set 15.0 with 3 tasks
19/08/28 11:36:20 INFO TaskSetManager: Starting task 0.0 in stage 15.0 (TID 16, localhost, executor driver, partition 0, PROCESS_LOCAL, 5011 bytes)
19/08/28 11:36:20 INFO TaskSetManager: Starting task 1.0 in stage 15.0 (TID 17, localhost, executor driver, partition 1, PROCESS_LOCAL, 5011 bytes)
19/08/28 11:36:20 INFO TaskSetManager: Starting task 2.0 in stage 15.0 (TID 18, localhost, executor driver, partition 2, PROCESS_LOCAL, 5011 bytes)
19/08/28 11:36:20 INFO Executor: Running task 0.0 in stage 15.0 (TID 16)
19/08/28 11:36:20 INFO Executor: Running task 1.0 in stage 15.0 (TID 17)
19/08/28 11:36:20 INFO Executor: Finished task 1.0 in stage 15.0 (TID 17). 980 bytes result sent to driver
19/08/28 11:36:20 INFO Executor: Running task 2.0 in stage 15.0 (TID 18)
19/08/28 11:36:20 INFO Executor: Finished task 2.0 in stage 15.0 (TID 18). 977 bytes result sent to driver
19/08/28 11:36:20 INFO TaskSetManager: Finished task 2.0 in stage 15.0 (TID 18) in 11 ms on localhost (executor driver) (1/3)
19/08/28 11:36:20 INFO TaskSetManager: Finished task 1.0 in stage 15.0 (TID 17) in 12 ms on localhost (executor driver) (2/3)
19/08/28 11:36:20 INFO Executor: Finished task 0.0 in stage 15.0 (TID 16). 980 bytes result sent to driver
19/08/28 11:36:20 INFO TaskSetManager: Finished task 0.0 in stage 15.0 (TID 16) in 15 ms on localhost (executor driver) (3/3)
19/08/28 11:36:20 INFO TaskSchedulerImpl: Removed TaskSet 15.0, whose tasks have all completed, from pool 
19/08/28 11:36:20 INFO DAGScheduler: ResultStage 15 (collect at utils.scala:44) finished in 0,016 s
19/08/28 11:36:20 INFO DAGScheduler: Job 9 finished: collect at utils.scala:44, took 0,024211 s
19/08/28 11:36:20 INFO SparkSqlParser: Parsing command: SHOW TABLES
19/08/28 11:36:20 INFO HiveMetaStore: 0: get_database: default
19/08/28 11:36:20 INFO audit: ugi=tim	ip=unknown-ip-addr	cmd=get_database: default	
19/08/28 11:36:20 INFO HiveMetaStore: 0: get_database: default
19/08/28 11:36:20 INFO audit: ugi=tim	ip=unknown-ip-addr	cmd=get_database: default	
19/08/28 11:36:20 INFO HiveMetaStore: 0: get_tables: db=default pat=*
19/08/28 11:36:20 INFO audit: ugi=tim	ip=unknown-ip-addr	cmd=get_tables: db=default pat=*	
19/08/28 11:36:20 INFO CodeGenerator: Code generated in 17.256883 ms
19/08/28 11:36:20 INFO SparkSqlParser: Parsing command: SHOW TABLES
19/08/28 11:36:20 INFO HiveMetaStore: 0: get_database: default
19/08/28 11:36:20 INFO audit: ugi=tim	ip=unknown-ip-addr	cmd=get_database: default	
19/08/28 11:36:20 INFO HiveMetaStore: 0: get_database: default
19/08/28 11:36:20 INFO audit: ugi=tim	ip=unknown-ip-addr	cmd=get_database: default	
19/08/28 11:36:20 INFO HiveMetaStore: 0: get_tables: db=default pat=*
19/08/28 11:36:20 INFO audit: ugi=tim	ip=unknown-ip-addr	cmd=get_tables: db=default pat=*	
19/08/28 11:36:20 INFO SparkSqlParser: Parsing command: SHOW TABLES
19/08/28 11:36:20 INFO HiveMetaStore: 0: get_database: default
19/08/28 11:36:20 INFO audit: ugi=tim	ip=unknown-ip-addr	cmd=get_database: default	
19/08/28 11:36:20 INFO HiveMetaStore: 0: get_database: default
19/08/28 11:36:20 INFO audit: ugi=tim	ip=unknown-ip-addr	cmd=get_database: default	
19/08/28 11:36:20 INFO HiveMetaStore: 0: get_tables: db=default pat=*
19/08/28 11:36:20 INFO audit: ugi=tim	ip=unknown-ip-addr	cmd=get_tables: db=default pat=*	
19/08/28 11:38:32 INFO BlockManagerInfo: Removed broadcast_15_piece0 on 127.0.0.1:49285 in memory (size: 3.5 KB, free: 886.3 MB)
19/08/28 11:38:32 INFO BlockManagerInfo: Removed broadcast_13_piece0 on 127.0.0.1:49285 in memory (size: 11.6 KB, free: 886.4 MB)
19/08/28 11:38:32 INFO ContextCleaner: Cleaned accumulator 410
19/08/28 11:38:32 INFO BlockManagerInfo: Removed broadcast_14_piece0 on 127.0.0.1:49285 in memory (size: 3.7 KB, free: 886.4 MB)
19/08/28 11:38:32 INFO BlockManagerInfo: Removed broadcast_12_piece0 on 127.0.0.1:49285 in memory (size: 3.7 KB, free: 886.4 MB)
19/08/28 11:38:32 INFO ContextCleaner: Cleaned accumulator 471
19/08/28 11:57:38 INFO ContextCleaner: Cleaned accumulator 271
19/08/28 11:57:38 INFO ContextCleaner: Cleaned accumulator 206
19/08/28 11:57:38 INFO BlockManagerInfo: Removed broadcast_6_piece0 on 127.0.0.1:49285 in memory (size: 11.7 KB, free: 886.4 MB)
19/08/28 11:57:38 INFO ContextCleaner: Cleaned accumulator 211
19/08/28 11:57:38 INFO ContextCleaner: Cleaned accumulator 272
19/08/28 11:57:38 INFO ContextCleaner: Cleaned accumulator 350
19/08/28 11:57:38 INFO ContextCleaner: Cleaned accumulator 351
19/08/28 11:57:38 INFO ContextCleaner: Cleaned accumulator 360
19/08/28 11:57:38 INFO ContextCleaner: Cleaned accumulator 354
19/08/28 11:57:38 INFO ContextCleaner: Cleaned accumulator 270
19/08/28 11:57:38 INFO ContextCleaner: Cleaned accumulator 212
19/08/28 11:57:38 INFO ContextCleaner: Cleaned accumulator 353
19/08/28 11:57:38 INFO ContextCleaner: Cleaned accumulator 202
19/08/28 11:57:38 INFO BlockManagerInfo: Removed broadcast_11_piece0 on 127.0.0.1:49285 in memory (size: 11.6 KB, free: 886.4 MB)
19/08/28 11:57:38 INFO ContextCleaner: Cleaned accumulator 273
19/08/28 11:57:38 INFO ContextCleaner: Cleaned accumulator 208
19/08/28 11:57:38 INFO ContextCleaner: Cleaned shuffle 3
19/08/28 11:57:38 INFO ContextCleaner: Cleaned accumulator 268
19/08/28 11:57:38 INFO ContextCleaner: Cleaned accumulator 358
19/08/28 11:57:38 INFO ContextCleaner: Cleaned accumulator 356
19/08/28 11:57:38 INFO ContextCleaner: Cleaned accumulator 210
19/08/28 11:57:38 INFO ContextCleaner: Cleaned accumulator 207
19/08/28 11:57:38 INFO ContextCleaner: Cleaned accumulator 266
19/08/28 11:57:38 INFO ContextCleaner: Cleaned shuffle 2
19/08/28 11:57:38 INFO ContextCleaner: Cleaned accumulator 262
19/08/28 11:57:38 INFO ContextCleaner: Cleaned accumulator 203
19/08/28 11:57:38 INFO ContextCleaner: Cleaned accumulator 263
19/08/28 11:57:38 INFO ContextCleaner: Cleaned accumulator 204
19/08/28 11:57:38 INFO BlockManagerInfo: Removed broadcast_8_piece0 on 127.0.0.1:49285 in memory (size: 11.7 KB, free: 886.4 MB)
19/08/28 11:57:38 INFO ContextCleaner: Cleaned shuffle 4
19/08/28 11:57:38 INFO ContextCleaner: Cleaned accumulator 357
19/08/28 11:57:38 INFO ContextCleaner: Cleaned accumulator 355
19/08/28 11:57:38 INFO ContextCleaner: Cleaned accumulator 269
19/08/28 11:57:38 INFO ContextCleaner: Cleaned accumulator 265
19/08/28 11:57:38 INFO ContextCleaner: Cleaned accumulator 205
19/08/28 11:57:38 INFO ContextCleaner: Cleaned accumulator 201
19/08/28 11:57:38 INFO ContextCleaner: Cleaned accumulator 267
19/08/28 11:57:38 INFO ContextCleaner: Cleaned accumulator 352
19/08/28 11:57:38 INFO ContextCleaner: Cleaned accumulator 359
19/08/28 11:57:38 INFO ContextCleaner: Cleaned accumulator 264
19/08/28 11:57:38 INFO ContextCleaner: Cleaned accumulator 361
19/08/28 11:57:38 INFO ContextCleaner: Cleaned accumulator 209
19/08/28 14:48:27 INFO SparkContext: Invoking stop() from shutdown hook
19/08/28 14:48:27 INFO SparkUI: Stopped Spark web UI at http://127.0.0.1:4040
19/08/28 14:48:27 INFO MapOutputTrackerMasterEndpoint: MapOutputTrackerMasterEndpoint stopped!
19/08/28 14:48:27 INFO MemoryStore: MemoryStore cleared
19/08/28 14:48:27 INFO BlockManager: BlockManager stopped
19/08/28 14:48:27 INFO BlockManagerMaster: BlockManagerMaster stopped
19/08/28 14:48:27 INFO OutputCommitCoordinator$OutputCommitCoordinatorEndpoint: OutputCommitCoordinator stopped!
19/08/28 14:48:27 INFO SparkContext: Successfully stopped SparkContext
19/08/28 14:48:27 INFO ShutdownHookManager: Shutdown hook called
19/08/28 14:48:27 INFO ShutdownHookManager: Deleting directory /private/var/folders/ts/0y14_w012ll9_8yb_63ns76h0000gn/T/spark-bfa359df-63e1-4b6c-9ac3-c98f851e7194
